2017-03-08 10:13:37,396 WARN org.apache.hadoop.util.NativeCodeLoader: Unable to load native-hadoop library for your platform... using builtin-java classes where applicable
2017-03-08 10:13:38,904 INFO org.apache.hadoop.conf.Configuration.deprecation: session.id is deprecated. Instead, use dfs.metrics.session-id
2017-03-08 10:13:38,908 INFO org.apache.hadoop.metrics.jvm.JvmMetrics: Initializing JVM Metrics with processName=JobTracker, sessionId=
2017-03-08 10:13:40,065 WARN org.apache.hadoop.mapreduce.JobResourceUploader: No job jar file set.  User classes may not be found. See Job or Job#setJar(String).
2017-03-08 10:13:40,317 INFO org.apache.hadoop.mapreduce.lib.input.FileInputFormat: Total input paths to process : 1
2017-03-08 10:13:40,420 INFO org.apache.hadoop.mapreduce.JobSubmitter: number of splits:1
2017-03-08 10:13:41,065 INFO org.apache.hadoop.mapreduce.JobSubmitter: Submitting tokens for job: job_local2068934579_0001
2017-03-08 10:13:41,693 INFO org.apache.hadoop.mapreduce.Job: The url to track the job: http://localhost:8080/
2017-03-08 10:13:41,694 INFO org.apache.hadoop.mapreduce.Job: Running job: job_local2068934579_0001
2017-03-08 10:13:41,701 INFO org.apache.hadoop.mapred.LocalJobRunner: OutputCommitter set in config null
2017-03-08 10:13:41,723 INFO org.apache.hadoop.mapreduce.lib.output.FileOutputCommitter: File Output Committer Algorithm version is 1
2017-03-08 10:13:41,732 INFO org.apache.hadoop.mapred.LocalJobRunner: OutputCommitter is org.apache.hadoop.mapreduce.lib.output.FileOutputCommitter
2017-03-08 10:13:41,901 INFO org.apache.hadoop.mapred.LocalJobRunner: Waiting for map tasks
2017-03-08 10:13:41,902 INFO org.apache.hadoop.mapred.LocalJobRunner: Starting task: attempt_local2068934579_0001_m_000000_0
2017-03-08 10:13:42,033 INFO org.apache.hadoop.mapreduce.lib.output.FileOutputCommitter: File Output Committer Algorithm version is 1
2017-03-08 10:13:42,177 INFO org.apache.hadoop.mapred.Task:  Using ResourceCalculatorProcessTree : [ ]
2017-03-08 10:13:42,227 INFO org.apache.hadoop.mapred.MapTask: Processing split: file:/home/cloudera/workspace/Assignment2/input/pg100.txt:0+5589886
2017-03-08 10:13:42,699 INFO org.apache.hadoop.mapreduce.Job: Job job_local2068934579_0001 running in uber mode : false
2017-03-08 10:13:42,754 INFO org.apache.hadoop.mapreduce.Job:  map 0% reduce 0%
2017-03-08 10:13:43,192 INFO org.apache.hadoop.mapred.MapTask: (EQUATOR) 0 kvi 26214396(104857584)
2017-03-08 10:13:43,192 INFO org.apache.hadoop.mapred.MapTask: mapreduce.task.io.sort.mb: 100
2017-03-08 10:13:43,192 INFO org.apache.hadoop.mapred.MapTask: soft limit at 83886080
2017-03-08 10:13:43,192 INFO org.apache.hadoop.mapred.MapTask: bufstart = 0; bufvoid = 104857600
2017-03-08 10:13:43,192 INFO org.apache.hadoop.mapred.MapTask: kvstart = 26214396; length = 6553600
2017-03-08 10:13:43,261 INFO org.apache.hadoop.mapred.MapTask: Map output collector class = org.apache.hadoop.mapred.MapTask$MapOutputBuffer
2017-03-08 10:13:45,760 INFO org.apache.hadoop.mapred.LocalJobRunner: 
2017-03-08 10:13:45,762 INFO org.apache.hadoop.mapred.MapTask: Starting flush of map output
2017-03-08 10:13:45,762 INFO org.apache.hadoop.mapred.MapTask: Spilling map output
2017-03-08 10:13:45,762 INFO org.apache.hadoop.mapred.MapTask: bufstart = 0; bufend = 7211001; bufvoid = 104857600
2017-03-08 10:13:45,762 INFO org.apache.hadoop.mapred.MapTask: kvstart = 26214396(104857584); kvend = 24071912(96287648); length = 2142485/6553600
2017-03-08 10:13:47,259 INFO org.apache.hadoop.mapred.MapTask: Finished spill 0
2017-03-08 10:13:47,281 INFO org.apache.hadoop.mapred.Task: Task:attempt_local2068934579_0001_m_000000_0 is done. And is in the process of committing
2017-03-08 10:13:47,319 INFO org.apache.hadoop.mapred.LocalJobRunner: map
2017-03-08 10:13:47,320 INFO org.apache.hadoop.mapred.Task: Task 'attempt_local2068934579_0001_m_000000_0' done.
2017-03-08 10:13:47,320 INFO org.apache.hadoop.mapred.LocalJobRunner: Finishing task: attempt_local2068934579_0001_m_000000_0
2017-03-08 10:13:47,320 INFO org.apache.hadoop.mapred.LocalJobRunner: map task executor complete.
2017-03-08 10:13:47,341 INFO org.apache.hadoop.mapred.LocalJobRunner: Waiting for reduce tasks
2017-03-08 10:13:47,341 INFO org.apache.hadoop.mapred.LocalJobRunner: Starting task: attempt_local2068934579_0001_r_000000_0
2017-03-08 10:13:47,351 INFO org.apache.hadoop.mapreduce.lib.output.FileOutputCommitter: File Output Committer Algorithm version is 1
2017-03-08 10:13:47,352 INFO org.apache.hadoop.mapred.Task:  Using ResourceCalculatorProcessTree : [ ]
2017-03-08 10:13:47,389 INFO org.apache.hadoop.mapred.ReduceTask: Using ShuffleConsumerPlugin: org.apache.hadoop.mapreduce.task.reduce.Shuffle@3930b5bd
2017-03-08 10:13:47,538 INFO org.apache.hadoop.mapreduce.task.reduce.MergeManagerImpl: MergerManager: memoryLimit=261121632, maxSingleShuffleLimit=65280408, mergeThreshold=172340288, ioSortFactor=10, memToMemMergeOutputsThreshold=10
2017-03-08 10:13:47,551 INFO org.apache.hadoop.mapreduce.task.reduce.EventFetcher: attempt_local2068934579_0001_r_000000_0 Thread started: EventFetcher for fetching Map Completion Events
2017-03-08 10:13:47,803 INFO org.apache.hadoop.mapreduce.task.reduce.LocalFetcher: localfetcher#1 about to shuffle output of map attempt_local2068934579_0001_m_000000_0 decomp: 8282247 len: 8282251 to MEMORY
2017-03-08 10:13:48,040 INFO org.apache.hadoop.mapreduce.task.reduce.InMemoryMapOutput: Read 8282247 bytes from map-output for attempt_local2068934579_0001_m_000000_0
2017-03-08 10:13:48,051 INFO org.apache.hadoop.mapreduce.task.reduce.MergeManagerImpl: closeInMemoryFile -> map-output of size: 8282247, inMemoryMapOutputs.size() -> 1, commitMemory -> 0, usedMemory ->8282247
2017-03-08 10:13:48,065 INFO org.apache.hadoop.mapreduce.task.reduce.EventFetcher: EventFetcher is interrupted.. Returning
2017-03-08 10:13:48,067 INFO org.apache.hadoop.mapred.LocalJobRunner: 1 / 1 copied.
2017-03-08 10:13:48,067 INFO org.apache.hadoop.mapreduce.task.reduce.MergeManagerImpl: finalMerge called with 1 in-memory map-outputs and 0 on-disk map-outputs
2017-03-08 10:13:48,090 INFO org.apache.hadoop.mapred.Merger: Merging 1 sorted segments
2017-03-08 10:13:48,091 INFO org.apache.hadoop.mapred.Merger: Down to the last merge-pass, with 1 segments left of total size: 8282237 bytes
2017-03-08 10:13:48,240 INFO org.apache.hadoop.mapreduce.Job:  map 100% reduce 0%
2017-03-08 10:13:49,140 INFO org.apache.hadoop.mapreduce.task.reduce.MergeManagerImpl: Merged 1 segments, 8282247 bytes to disk to satisfy reduce memory limit
2017-03-08 10:13:49,141 INFO org.apache.hadoop.mapreduce.task.reduce.MergeManagerImpl: Merging 1 files, 8282251 bytes from disk
2017-03-08 10:13:49,144 INFO org.apache.hadoop.mapreduce.task.reduce.MergeManagerImpl: Merging 0 segments, 0 bytes from memory into reduce
2017-03-08 10:13:49,144 INFO org.apache.hadoop.mapred.Merger: Merging 1 sorted segments
2017-03-08 10:13:49,144 INFO org.apache.hadoop.mapred.Merger: Down to the last merge-pass, with 1 segments left of total size: 8282237 bytes
2017-03-08 10:13:49,145 INFO org.apache.hadoop.mapred.LocalJobRunner: 1 / 1 copied.
2017-03-08 10:13:49,501 INFO org.apache.hadoop.conf.Configuration.deprecation: mapred.skip.on is deprecated. Instead, use mapreduce.job.skiprecords
2017-03-08 10:13:54,707 INFO org.apache.hadoop.mapred.Task: Task:attempt_local2068934579_0001_r_000000_0 is done. And is in the process of committing
2017-03-08 10:13:54,895 INFO org.apache.hadoop.mapred.LocalJobRunner: 1 / 1 copied.
2017-03-08 10:13:54,897 INFO org.apache.hadoop.mapred.Task: Task attempt_local2068934579_0001_r_000000_0 is allowed to commit now
2017-03-08 10:13:54,928 INFO org.apache.hadoop.mapred.LocalJobRunner: reduce > reduce
2017-03-08 10:13:54,997 INFO org.apache.hadoop.mapreduce.lib.output.FileOutputCommitter: Saved output of task 'attempt_local2068934579_0001_r_000000_0' to file:/home/cloudera/workspace/Assignment2/Preprocessing/output/_temporary/0/task_local2068934579_0001_r_000000
2017-03-08 10:13:55,062 INFO org.apache.hadoop.mapred.LocalJobRunner: reduce > reduce
2017-03-08 10:13:55,062 INFO org.apache.hadoop.mapred.Task: Task 'attempt_local2068934579_0001_r_000000_0' done.
2017-03-08 10:13:55,174 INFO org.apache.hadoop.mapred.LocalJobRunner: Finishing task: attempt_local2068934579_0001_r_000000_0
2017-03-08 10:13:55,174 INFO org.apache.hadoop.mapred.LocalJobRunner: reduce task executor complete.
2017-03-08 10:13:55,710 INFO org.apache.hadoop.mapreduce.Job:  map 100% reduce 100%
2017-03-08 10:13:55,711 INFO org.apache.hadoop.mapreduce.Job: Job job_local2068934579_0001 completed successfully
2017-03-08 10:13:55,791 INFO org.apache.hadoop.mapreduce.Job: Counters: 34
	File System Counters
		FILE: Number of bytes read=27744664
		FILE: Number of bytes written=29199377
		FILE: Number of read operations=0
		FILE: Number of large read operations=0
		FILE: Number of write operations=0
	Map-Reduce Framework
		Map input records=124787
		Map output records=535622
		Map output bytes=7211001
		Map output materialized bytes=8282251
		Input split bytes=122
		Combine input records=0
		Combine output records=0
		Reduce input groups=115103
		Reduce shuffle bytes=8282251
		Reduce input records=535622
		Reduce output records=115103
		Spilled Records=1071244
		Shuffled Maps =1
		Failed Shuffles=0
		Merged Map outputs=1
		GC time elapsed (ms)=512
		CPU time spent (ms)=0
		Physical memory (bytes) snapshot=0
		Virtual memory (bytes) snapshot=0
		Total committed heap usage (bytes)=303570944
	BDPA.Preprocessing$COUNTER
		COUNT_LINES=115103
	Shuffle Errors
		BAD_ID=0
		CONNECTION=0
		IO_ERROR=0
		WRONG_LENGTH=0
		WRONG_MAP=0
		WRONG_REDUCE=0
	File Input Format Counters 
		Bytes Read=5589886
	File Output Format Counters 
		Bytes Written=3821966
2017-03-08 10:17:07,833 WARN org.apache.hadoop.util.NativeCodeLoader: Unable to load native-hadoop library for your platform... using builtin-java classes where applicable
2017-03-08 10:17:08,612 INFO org.apache.hadoop.conf.Configuration.deprecation: session.id is deprecated. Instead, use dfs.metrics.session-id
2017-03-08 10:17:08,619 INFO org.apache.hadoop.metrics.jvm.JvmMetrics: Initializing JVM Metrics with processName=JobTracker, sessionId=
2017-03-08 10:17:09,381 WARN org.apache.hadoop.mapreduce.JobResourceUploader: No job jar file set.  User classes may not be found. See Job or Job#setJar(String).
2017-03-08 10:17:09,430 INFO org.apache.hadoop.mapreduce.lib.input.FileInputFormat: Total input paths to process : 1
2017-03-08 10:17:09,542 INFO org.apache.hadoop.mapreduce.JobSubmitter: number of splits:1
2017-03-08 10:17:10,321 INFO org.apache.hadoop.mapreduce.JobSubmitter: Submitting tokens for job: job_local235332889_0001
2017-03-08 10:17:11,098 INFO org.apache.hadoop.mapreduce.Job: The url to track the job: http://localhost:8080/
2017-03-08 10:17:11,099 INFO org.apache.hadoop.mapreduce.Job: Running job: job_local235332889_0001
2017-03-08 10:17:11,109 INFO org.apache.hadoop.mapred.LocalJobRunner: OutputCommitter set in config null
2017-03-08 10:17:11,136 INFO org.apache.hadoop.mapreduce.lib.output.FileOutputCommitter: File Output Committer Algorithm version is 1
2017-03-08 10:17:11,156 INFO org.apache.hadoop.mapred.LocalJobRunner: OutputCommitter is org.apache.hadoop.mapreduce.lib.output.FileOutputCommitter
2017-03-08 10:17:11,399 INFO org.apache.hadoop.mapred.LocalJobRunner: Waiting for map tasks
2017-03-08 10:17:11,400 INFO org.apache.hadoop.mapred.LocalJobRunner: Starting task: attempt_local235332889_0001_m_000000_0
2017-03-08 10:17:11,546 INFO org.apache.hadoop.mapreduce.lib.output.FileOutputCommitter: File Output Committer Algorithm version is 1
2017-03-08 10:17:11,604 INFO org.apache.hadoop.mapred.Task:  Using ResourceCalculatorProcessTree : [ ]
2017-03-08 10:17:11,613 INFO org.apache.hadoop.mapred.MapTask: Processing split: file:/home/cloudera/workspace/Assignment2/input/pg100.txt:0+5589886
2017-03-08 10:17:11,997 INFO org.apache.hadoop.mapred.MapTask: (EQUATOR) 0 kvi 26214396(104857584)
2017-03-08 10:17:11,997 INFO org.apache.hadoop.mapred.MapTask: mapreduce.task.io.sort.mb: 100
2017-03-08 10:17:11,997 INFO org.apache.hadoop.mapred.MapTask: soft limit at 83886080
2017-03-08 10:17:11,997 INFO org.apache.hadoop.mapred.MapTask: bufstart = 0; bufvoid = 104857600
2017-03-08 10:17:11,998 INFO org.apache.hadoop.mapred.MapTask: kvstart = 26214396; length = 6553600
2017-03-08 10:17:12,104 INFO org.apache.hadoop.mapreduce.Job: Job job_local235332889_0001 running in uber mode : false
2017-03-08 10:17:12,203 INFO org.apache.hadoop.mapreduce.Job:  map 0% reduce 0%
2017-03-08 10:17:12,209 INFO org.apache.hadoop.mapred.MapTask: Map output collector class = org.apache.hadoop.mapred.MapTask$MapOutputBuffer
2017-03-08 10:17:17,987 INFO org.apache.hadoop.mapred.LocalJobRunner: map > map
2017-03-08 10:17:18,241 INFO org.apache.hadoop.mapreduce.Job:  map 51% reduce 0%
2017-03-08 10:17:20,430 INFO org.apache.hadoop.mapred.LocalJobRunner: map > map
2017-03-08 10:17:20,439 INFO org.apache.hadoop.mapred.MapTask: Starting flush of map output
2017-03-08 10:17:20,440 INFO org.apache.hadoop.mapred.MapTask: Spilling map output
2017-03-08 10:17:20,441 INFO org.apache.hadoop.mapred.MapTask: bufstart = 0; bufend = 7211001; bufvoid = 104857600
2017-03-08 10:17:20,441 INFO org.apache.hadoop.mapred.MapTask: kvstart = 26214396(104857584); kvend = 24071912(96287648); length = 2142485/6553600
2017-03-08 10:17:21,042 INFO org.apache.hadoop.mapred.LocalJobRunner: map > sort
2017-03-08 10:17:21,683 INFO org.apache.hadoop.mapreduce.Job:  map 67% reduce 0%
2017-03-08 10:17:24,072 INFO org.apache.hadoop.mapred.LocalJobRunner: map > sort
2017-03-08 10:17:27,094 INFO org.apache.hadoop.mapred.LocalJobRunner: map > sort
2017-03-08 10:17:28,247 INFO org.apache.hadoop.mapred.MapTask: Finished spill 0
2017-03-08 10:17:29,360 INFO org.apache.hadoop.mapred.Task: Task:attempt_local235332889_0001_m_000000_0 is done. And is in the process of committing
2017-03-08 10:17:29,366 INFO org.apache.hadoop.mapred.LocalJobRunner: map
2017-03-08 10:17:29,366 INFO org.apache.hadoop.mapred.Task: Task 'attempt_local235332889_0001_m_000000_0' done.
2017-03-08 10:17:29,366 INFO org.apache.hadoop.mapred.LocalJobRunner: Finishing task: attempt_local235332889_0001_m_000000_0
2017-03-08 10:17:29,367 INFO org.apache.hadoop.mapred.LocalJobRunner: map task executor complete.
2017-03-08 10:17:29,795 INFO org.apache.hadoop.mapred.LocalJobRunner: Waiting for reduce tasks
2017-03-08 10:17:29,795 INFO org.apache.hadoop.mapred.LocalJobRunner: Starting task: attempt_local235332889_0001_r_000000_0
2017-03-08 10:17:30,141 INFO org.apache.hadoop.mapreduce.Job:  map 100% reduce 0%
2017-03-08 10:17:30,184 INFO org.apache.hadoop.mapreduce.lib.output.FileOutputCommitter: File Output Committer Algorithm version is 1
2017-03-08 10:17:30,185 INFO org.apache.hadoop.mapred.Task:  Using ResourceCalculatorProcessTree : [ ]
2017-03-08 10:17:30,229 INFO org.apache.hadoop.mapred.ReduceTask: Using ShuffleConsumerPlugin: org.apache.hadoop.mapreduce.task.reduce.Shuffle@21c44cc1
2017-03-08 10:17:32,096 INFO org.apache.hadoop.mapreduce.task.reduce.MergeManagerImpl: MergerManager: memoryLimit=261121632, maxSingleShuffleLimit=65280408, mergeThreshold=172340288, ioSortFactor=10, memToMemMergeOutputsThreshold=10
2017-03-08 10:17:32,170 INFO org.apache.hadoop.mapreduce.task.reduce.EventFetcher: attempt_local235332889_0001_r_000000_0 Thread started: EventFetcher for fetching Map Completion Events
2017-03-08 10:17:32,628 INFO org.apache.hadoop.mapreduce.task.reduce.LocalFetcher: localfetcher#1 about to shuffle output of map attempt_local235332889_0001_m_000000_0 decomp: 8282247 len: 8282251 to MEMORY
2017-03-08 10:17:33,195 INFO org.apache.hadoop.mapreduce.task.reduce.InMemoryMapOutput: Read 8282247 bytes from map-output for attempt_local235332889_0001_m_000000_0
2017-03-08 10:17:33,318 INFO org.apache.hadoop.mapreduce.task.reduce.MergeManagerImpl: closeInMemoryFile -> map-output of size: 8282247, inMemoryMapOutputs.size() -> 1, commitMemory -> 0, usedMemory ->8282247
2017-03-08 10:17:33,390 INFO org.apache.hadoop.mapreduce.task.reduce.EventFetcher: EventFetcher is interrupted.. Returning
2017-03-08 10:17:33,395 INFO org.apache.hadoop.mapred.LocalJobRunner: 1 / 1 copied.
2017-03-08 10:17:33,395 INFO org.apache.hadoop.mapreduce.task.reduce.MergeManagerImpl: finalMerge called with 1 in-memory map-outputs and 0 on-disk map-outputs
2017-03-08 10:17:33,475 INFO org.apache.hadoop.mapred.Merger: Merging 1 sorted segments
2017-03-08 10:17:33,475 INFO org.apache.hadoop.mapred.Merger: Down to the last merge-pass, with 1 segments left of total size: 8282237 bytes
2017-03-08 10:17:36,291 INFO org.apache.hadoop.mapred.LocalJobRunner: reduce > sort
2017-03-08 10:17:36,297 INFO org.apache.hadoop.mapreduce.Job:  map 100% reduce 50%
2017-03-08 10:17:36,570 WARN org.apache.hadoop.util.NativeCodeLoader: Unable to load native-hadoop library for your platform... using builtin-java classes where applicable
2017-03-08 10:17:36,572 WARN org.apache.hadoop.util.NativeCodeLoader: Unable to load native-hadoop library for your platform... using builtin-java classes where applicable
2017-03-08 10:17:37,337 INFO org.apache.hadoop.mapreduce.task.reduce.MergeManagerImpl: Merged 1 segments, 8282247 bytes to disk to satisfy reduce memory limit
2017-03-08 10:17:37,338 INFO org.apache.hadoop.mapreduce.task.reduce.MergeManagerImpl: Merging 1 files, 8282251 bytes from disk
2017-03-08 10:17:37,387 INFO org.apache.hadoop.mapreduce.task.reduce.MergeManagerImpl: Merging 0 segments, 0 bytes from memory into reduce
2017-03-08 10:17:37,388 INFO org.apache.hadoop.mapred.Merger: Merging 1 sorted segments
2017-03-08 10:17:37,388 INFO org.apache.hadoop.mapred.Merger: Down to the last merge-pass, with 1 segments left of total size: 8282237 bytes
2017-03-08 10:17:37,388 INFO org.apache.hadoop.mapred.LocalJobRunner: reduce > sort
2017-03-08 10:17:38,339 INFO org.apache.hadoop.conf.Configuration.deprecation: mapred.skip.on is deprecated. Instead, use mapreduce.job.skiprecords
2017-03-08 10:17:39,331 INFO org.apache.hadoop.mapred.LocalJobRunner: reduce > reduce
2017-03-08 10:17:39,510 INFO org.apache.hadoop.conf.Configuration.deprecation: session.id is deprecated. Instead, use dfs.metrics.session-id
2017-03-08 10:17:39,510 INFO org.apache.hadoop.conf.Configuration.deprecation: session.id is deprecated. Instead, use dfs.metrics.session-id
2017-03-08 10:17:39,518 INFO org.apache.hadoop.metrics.jvm.JvmMetrics: Initializing JVM Metrics with processName=JobTracker, sessionId=
2017-03-08 10:17:39,558 INFO org.apache.hadoop.metrics.jvm.JvmMetrics: Initializing JVM Metrics with processName=JobTracker, sessionId=
2017-03-08 10:17:39,714 WARN org.apache.hadoop.security.UserGroupInformation: PriviledgedActionException as:cloudera (auth:SIMPLE) cause:org.apache.hadoop.mapred.FileAlreadyExistsException: Output directory file:/home/cloudera/workspace/Assignment2/Preprocessing/output already exists
2017-03-08 10:17:39,743 WARN org.apache.hadoop.security.UserGroupInformation: PriviledgedActionException as:cloudera (auth:SIMPLE) cause:org.apache.hadoop.mapred.FileAlreadyExistsException: Output directory file:/home/cloudera/workspace/Assignment2/Preprocessing/output already exists
2017-03-08 10:17:40,308 INFO org.apache.hadoop.mapreduce.Job:  map 100% reduce 67%
2017-03-08 10:17:41,875 INFO org.apache.hadoop.mapred.Task: Task:attempt_local235332889_0001_r_000000_0 is done. And is in the process of committing
2017-03-08 10:17:41,877 INFO org.apache.hadoop.mapred.LocalJobRunner: reduce > reduce
2017-03-08 10:17:41,878 INFO org.apache.hadoop.mapred.Task: Task attempt_local235332889_0001_r_000000_0 is allowed to commit now
2017-03-08 10:17:41,879 INFO org.apache.hadoop.mapreduce.lib.output.FileOutputCommitter: Saved output of task 'attempt_local235332889_0001_r_000000_0' to file:/home/cloudera/workspace/Assignment2/Preprocessing/output/_temporary/0/task_local235332889_0001_r_000000
2017-03-08 10:17:41,880 INFO org.apache.hadoop.mapred.LocalJobRunner: reduce > reduce
2017-03-08 10:17:41,880 INFO org.apache.hadoop.mapred.Task: Task 'attempt_local235332889_0001_r_000000_0' done.
2017-03-08 10:17:41,880 INFO org.apache.hadoop.mapred.LocalJobRunner: Finishing task: attempt_local235332889_0001_r_000000_0
2017-03-08 10:17:41,880 INFO org.apache.hadoop.mapred.LocalJobRunner: reduce task executor complete.
2017-03-08 10:17:42,319 INFO org.apache.hadoop.mapreduce.Job:  map 100% reduce 100%
2017-03-08 10:17:42,322 INFO org.apache.hadoop.mapreduce.Job: Job job_local235332889_0001 completed successfully
2017-03-08 10:17:44,387 INFO org.apache.hadoop.mapreduce.Job: Counters: 34
	File System Counters
		FILE: Number of bytes read=27744664
		FILE: Number of bytes written=29196573
		FILE: Number of read operations=0
		FILE: Number of large read operations=0
		FILE: Number of write operations=0
	Map-Reduce Framework
		Map input records=124787
		Map output records=535622
		Map output bytes=7211001
		Map output materialized bytes=8282251
		Input split bytes=122
		Combine input records=0
		Combine output records=0
		Reduce input groups=115103
		Reduce shuffle bytes=8282251
		Reduce input records=535622
		Reduce output records=115103
		Spilled Records=1071244
		Shuffled Maps =1
		Failed Shuffles=0
		Merged Map outputs=1
		GC time elapsed (ms)=601
		CPU time spent (ms)=0
		Physical memory (bytes) snapshot=0
		Virtual memory (bytes) snapshot=0
		Total committed heap usage (bytes)=303570944
	BDPA.Preprocessing$COUNTER
		COUNT_LINES=115103
	Shuffle Errors
		BAD_ID=0
		CONNECTION=0
		IO_ERROR=0
		WRONG_LENGTH=0
		WRONG_MAP=0
		WRONG_REDUCE=0
	File Input Format Counters 
		Bytes Read=5589886
	File Output Format Counters 
		Bytes Written=3821966
2017-03-08 10:20:25,741 WARN org.apache.hadoop.util.NativeCodeLoader: Unable to load native-hadoop library for your platform... using builtin-java classes where applicable
2017-03-08 10:20:26,685 INFO org.apache.hadoop.conf.Configuration.deprecation: session.id is deprecated. Instead, use dfs.metrics.session-id
2017-03-08 10:20:26,691 INFO org.apache.hadoop.metrics.jvm.JvmMetrics: Initializing JVM Metrics with processName=JobTracker, sessionId=
2017-03-08 10:20:27,575 WARN org.apache.hadoop.mapreduce.JobResourceUploader: No job jar file set.  User classes may not be found. See Job or Job#setJar(String).
2017-03-08 10:20:27,665 INFO org.apache.hadoop.mapreduce.lib.input.FileInputFormat: Total input paths to process : 1
2017-03-08 10:20:27,769 INFO org.apache.hadoop.mapreduce.JobSubmitter: number of splits:1
2017-03-08 10:20:28,322 INFO org.apache.hadoop.mapreduce.JobSubmitter: Submitting tokens for job: job_local577333507_0001
2017-03-08 10:20:29,267 INFO org.apache.hadoop.mapreduce.Job: The url to track the job: http://localhost:8080/
2017-03-08 10:20:29,270 INFO org.apache.hadoop.mapreduce.Job: Running job: job_local577333507_0001
2017-03-08 10:20:29,279 INFO org.apache.hadoop.mapred.LocalJobRunner: OutputCommitter set in config null
2017-03-08 10:20:29,313 INFO org.apache.hadoop.mapreduce.lib.output.FileOutputCommitter: File Output Committer Algorithm version is 1
2017-03-08 10:20:29,323 INFO org.apache.hadoop.mapred.LocalJobRunner: OutputCommitter is org.apache.hadoop.mapreduce.lib.output.FileOutputCommitter
2017-03-08 10:20:29,550 INFO org.apache.hadoop.mapred.LocalJobRunner: Waiting for map tasks
2017-03-08 10:20:29,551 INFO org.apache.hadoop.mapred.LocalJobRunner: Starting task: attempt_local577333507_0001_m_000000_0
2017-03-08 10:20:29,662 INFO org.apache.hadoop.mapreduce.lib.output.FileOutputCommitter: File Output Committer Algorithm version is 1
2017-03-08 10:20:29,709 INFO org.apache.hadoop.mapred.Task:  Using ResourceCalculatorProcessTree : [ ]
2017-03-08 10:20:29,725 INFO org.apache.hadoop.mapred.MapTask: Processing split: file:/home/cloudera/workspace/Assignment2/input/pg100.txt:0+5589886
2017-03-08 10:20:30,283 INFO org.apache.hadoop.mapreduce.Job: Job job_local577333507_0001 running in uber mode : false
2017-03-08 10:20:30,327 INFO org.apache.hadoop.mapreduce.Job:  map 0% reduce 0%
2017-03-08 10:20:30,857 INFO org.apache.hadoop.mapred.MapTask: (EQUATOR) 0 kvi 26214396(104857584)
2017-03-08 10:20:30,865 INFO org.apache.hadoop.mapred.MapTask: mapreduce.task.io.sort.mb: 100
2017-03-08 10:20:30,866 INFO org.apache.hadoop.mapred.MapTask: soft limit at 83886080
2017-03-08 10:20:30,881 INFO org.apache.hadoop.mapred.MapTask: bufstart = 0; bufvoid = 104857600
2017-03-08 10:20:30,881 INFO org.apache.hadoop.mapred.MapTask: kvstart = 26214396; length = 6553600
2017-03-08 10:20:30,975 INFO org.apache.hadoop.mapred.MapTask: Map output collector class = org.apache.hadoop.mapred.MapTask$MapOutputBuffer
2017-03-08 10:20:35,157 INFO org.apache.hadoop.mapred.LocalJobRunner: 
2017-03-08 10:20:35,158 INFO org.apache.hadoop.mapred.MapTask: Starting flush of map output
2017-03-08 10:20:35,158 INFO org.apache.hadoop.mapred.MapTask: Spilling map output
2017-03-08 10:20:35,159 INFO org.apache.hadoop.mapred.MapTask: bufstart = 0; bufend = 7211001; bufvoid = 104857600
2017-03-08 10:20:35,159 INFO org.apache.hadoop.mapred.MapTask: kvstart = 26214396(104857584); kvend = 24071912(96287648); length = 2142485/6553600
2017-03-08 10:20:35,720 INFO org.apache.hadoop.mapred.LocalJobRunner: map > sort
2017-03-08 10:20:36,384 INFO org.apache.hadoop.mapreduce.Job:  map 67% reduce 0%
2017-03-08 10:20:36,688 INFO org.apache.hadoop.mapred.MapTask: Finished spill 0
2017-03-08 10:20:36,705 INFO org.apache.hadoop.mapred.Task: Task:attempt_local577333507_0001_m_000000_0 is done. And is in the process of committing
2017-03-08 10:20:36,710 INFO org.apache.hadoop.mapred.LocalJobRunner: map
2017-03-08 10:20:36,710 INFO org.apache.hadoop.mapred.Task: Task 'attempt_local577333507_0001_m_000000_0' done.
2017-03-08 10:20:36,710 INFO org.apache.hadoop.mapred.LocalJobRunner: Finishing task: attempt_local577333507_0001_m_000000_0
2017-03-08 10:20:36,710 INFO org.apache.hadoop.mapred.LocalJobRunner: map task executor complete.
2017-03-08 10:20:36,723 INFO org.apache.hadoop.mapred.LocalJobRunner: Waiting for reduce tasks
2017-03-08 10:20:36,725 INFO org.apache.hadoop.mapred.LocalJobRunner: Starting task: attempt_local577333507_0001_r_000000_0
2017-03-08 10:20:36,756 INFO org.apache.hadoop.mapreduce.lib.output.FileOutputCommitter: File Output Committer Algorithm version is 1
2017-03-08 10:20:36,758 INFO org.apache.hadoop.mapred.Task:  Using ResourceCalculatorProcessTree : [ ]
2017-03-08 10:20:36,774 INFO org.apache.hadoop.mapred.ReduceTask: Using ShuffleConsumerPlugin: org.apache.hadoop.mapreduce.task.reduce.Shuffle@6c0b652b
2017-03-08 10:20:36,807 INFO org.apache.hadoop.mapreduce.task.reduce.MergeManagerImpl: MergerManager: memoryLimit=261121632, maxSingleShuffleLimit=65280408, mergeThreshold=172340288, ioSortFactor=10, memToMemMergeOutputsThreshold=10
2017-03-08 10:20:36,825 INFO org.apache.hadoop.mapreduce.task.reduce.EventFetcher: attempt_local577333507_0001_r_000000_0 Thread started: EventFetcher for fetching Map Completion Events
2017-03-08 10:20:37,141 INFO org.apache.hadoop.mapreduce.task.reduce.LocalFetcher: localfetcher#1 about to shuffle output of map attempt_local577333507_0001_m_000000_0 decomp: 8282247 len: 8282251 to MEMORY
2017-03-08 10:20:37,385 INFO org.apache.hadoop.mapreduce.Job:  map 100% reduce 0%
2017-03-08 10:20:37,417 INFO org.apache.hadoop.mapreduce.task.reduce.InMemoryMapOutput: Read 8282247 bytes from map-output for attempt_local577333507_0001_m_000000_0
2017-03-08 10:20:37,429 INFO org.apache.hadoop.mapreduce.task.reduce.MergeManagerImpl: closeInMemoryFile -> map-output of size: 8282247, inMemoryMapOutputs.size() -> 1, commitMemory -> 0, usedMemory ->8282247
2017-03-08 10:20:37,444 INFO org.apache.hadoop.mapreduce.task.reduce.EventFetcher: EventFetcher is interrupted.. Returning
2017-03-08 10:20:37,453 INFO org.apache.hadoop.mapred.LocalJobRunner: 1 / 1 copied.
2017-03-08 10:20:37,454 INFO org.apache.hadoop.mapreduce.task.reduce.MergeManagerImpl: finalMerge called with 1 in-memory map-outputs and 0 on-disk map-outputs
2017-03-08 10:20:37,480 INFO org.apache.hadoop.mapred.Merger: Merging 1 sorted segments
2017-03-08 10:20:37,482 INFO org.apache.hadoop.mapred.Merger: Down to the last merge-pass, with 1 segments left of total size: 8282237 bytes
2017-03-08 10:20:39,214 INFO org.apache.hadoop.mapreduce.task.reduce.MergeManagerImpl: Merged 1 segments, 8282247 bytes to disk to satisfy reduce memory limit
2017-03-08 10:20:39,215 INFO org.apache.hadoop.mapreduce.task.reduce.MergeManagerImpl: Merging 1 files, 8282251 bytes from disk
2017-03-08 10:20:39,411 INFO org.apache.hadoop.mapreduce.task.reduce.MergeManagerImpl: Merging 0 segments, 0 bytes from memory into reduce
2017-03-08 10:20:39,414 INFO org.apache.hadoop.mapred.Merger: Merging 1 sorted segments
2017-03-08 10:20:39,415 INFO org.apache.hadoop.mapred.Merger: Down to the last merge-pass, with 1 segments left of total size: 8282237 bytes
2017-03-08 10:20:39,416 INFO org.apache.hadoop.mapred.LocalJobRunner: 1 / 1 copied.
2017-03-08 10:20:39,861 INFO org.apache.hadoop.conf.Configuration.deprecation: mapred.skip.on is deprecated. Instead, use mapreduce.job.skiprecords
2017-03-08 10:20:42,800 INFO org.apache.hadoop.mapred.LocalJobRunner: reduce > reduce
2017-03-08 10:20:43,073 INFO org.apache.hadoop.mapred.Task: Task:attempt_local577333507_0001_r_000000_0 is done. And is in the process of committing
2017-03-08 10:20:43,075 INFO org.apache.hadoop.mapred.LocalJobRunner: reduce > reduce
2017-03-08 10:20:43,076 INFO org.apache.hadoop.mapred.Task: Task attempt_local577333507_0001_r_000000_0 is allowed to commit now
2017-03-08 10:20:43,078 INFO org.apache.hadoop.mapreduce.lib.output.FileOutputCommitter: Saved output of task 'attempt_local577333507_0001_r_000000_0' to file:/home/cloudera/workspace/Assignment2/Preprocessing/output/_temporary/0/task_local577333507_0001_r_000000
2017-03-08 10:20:43,079 INFO org.apache.hadoop.mapred.LocalJobRunner: reduce > reduce
2017-03-08 10:20:43,079 INFO org.apache.hadoop.mapred.Task: Task 'attempt_local577333507_0001_r_000000_0' done.
2017-03-08 10:20:43,079 INFO org.apache.hadoop.mapred.LocalJobRunner: Finishing task: attempt_local577333507_0001_r_000000_0
2017-03-08 10:20:43,079 INFO org.apache.hadoop.mapred.LocalJobRunner: reduce task executor complete.
2017-03-08 10:20:43,395 INFO org.apache.hadoop.mapreduce.Job:  map 100% reduce 100%
2017-03-08 10:20:43,396 INFO org.apache.hadoop.mapreduce.Job: Job job_local577333507_0001 completed successfully
2017-03-08 10:20:43,432 INFO org.apache.hadoop.mapreduce.Job: Counters: 34
	File System Counters
		FILE: Number of bytes read=27744664
		FILE: Number of bytes written=29190886
		FILE: Number of read operations=0
		FILE: Number of large read operations=0
		FILE: Number of write operations=0
	Map-Reduce Framework
		Map input records=124787
		Map output records=535622
		Map output bytes=7211001
		Map output materialized bytes=8282251
		Input split bytes=122
		Combine input records=0
		Combine output records=0
		Reduce input groups=115103
		Reduce shuffle bytes=8282251
		Reduce input records=535622
		Reduce output records=114462
		Spilled Records=1071244
		Shuffled Maps =1
		Failed Shuffles=0
		Merged Map outputs=1
		GC time elapsed (ms)=308
		CPU time spent (ms)=0
		Physical memory (bytes) snapshot=0
		Virtual memory (bytes) snapshot=0
		Total committed heap usage (bytes)=256385024
	BDPA.Preprocessing$COUNTER
		COUNT_LINES=114462
	Shuffle Errors
		BAD_ID=0
		CONNECTION=0
		IO_ERROR=0
		WRONG_LENGTH=0
		WRONG_MAP=0
		WRONG_REDUCE=0
	File Input Format Counters 
		Bytes Read=5589886
	File Output Format Counters 
		Bytes Written=3816279
2017-03-08 11:08:23,079 WARN org.apache.hadoop.util.NativeCodeLoader: Unable to load native-hadoop library for your platform... using builtin-java classes where applicable
2017-03-08 11:08:24,126 INFO org.apache.hadoop.conf.Configuration.deprecation: session.id is deprecated. Instead, use dfs.metrics.session-id
2017-03-08 11:08:24,142 INFO org.apache.hadoop.metrics.jvm.JvmMetrics: Initializing JVM Metrics with processName=JobTracker, sessionId=
2017-03-08 11:08:25,055 WARN org.apache.hadoop.mapreduce.JobResourceUploader: No job jar file set.  User classes may not be found. See Job or Job#setJar(String).
2017-03-08 11:08:25,091 INFO org.apache.hadoop.mapreduce.lib.input.FileInputFormat: Total input paths to process : 1
2017-03-08 11:08:25,176 INFO org.apache.hadoop.mapreduce.JobSubmitter: number of splits:1
2017-03-08 11:08:25,695 INFO org.apache.hadoop.mapreduce.JobSubmitter: Submitting tokens for job: job_local1253244120_0001
2017-03-08 11:08:26,581 INFO org.apache.hadoop.mapreduce.Job: The url to track the job: http://localhost:8080/
2017-03-08 11:08:26,587 INFO org.apache.hadoop.mapreduce.Job: Running job: job_local1253244120_0001
2017-03-08 11:08:26,601 INFO org.apache.hadoop.mapred.LocalJobRunner: OutputCommitter set in config null
2017-03-08 11:08:26,628 INFO org.apache.hadoop.mapreduce.lib.output.FileOutputCommitter: File Output Committer Algorithm version is 1
2017-03-08 11:08:26,658 INFO org.apache.hadoop.mapred.LocalJobRunner: OutputCommitter is org.apache.hadoop.mapreduce.lib.output.FileOutputCommitter
2017-03-08 11:08:26,850 INFO org.apache.hadoop.mapred.LocalJobRunner: Waiting for map tasks
2017-03-08 11:08:26,853 INFO org.apache.hadoop.mapred.LocalJobRunner: Starting task: attempt_local1253244120_0001_m_000000_0
2017-03-08 11:08:26,930 INFO org.apache.hadoop.mapreduce.lib.output.FileOutputCommitter: File Output Committer Algorithm version is 1
2017-03-08 11:08:26,968 INFO org.apache.hadoop.mapred.Task:  Using ResourceCalculatorProcessTree : [ ]
2017-03-08 11:08:26,974 INFO org.apache.hadoop.mapred.MapTask: Processing split: file:/home/cloudera/workspace/Assignment2/input/pg100.txt:0+5589886
2017-03-08 11:08:27,424 INFO org.apache.hadoop.mapred.MapTask: (EQUATOR) 0 kvi 26214396(104857584)
2017-03-08 11:08:27,427 INFO org.apache.hadoop.mapred.MapTask: mapreduce.task.io.sort.mb: 100
2017-03-08 11:08:27,427 INFO org.apache.hadoop.mapred.MapTask: soft limit at 83886080
2017-03-08 11:08:27,427 INFO org.apache.hadoop.mapred.MapTask: bufstart = 0; bufvoid = 104857600
2017-03-08 11:08:27,427 INFO org.apache.hadoop.mapred.MapTask: kvstart = 26214396; length = 6553600
2017-03-08 11:08:27,449 INFO org.apache.hadoop.mapred.MapTask: Map output collector class = org.apache.hadoop.mapred.MapTask$MapOutputBuffer
2017-03-08 11:08:27,601 INFO org.apache.hadoop.mapreduce.Job: Job job_local1253244120_0001 running in uber mode : false
2017-03-08 11:08:27,633 INFO org.apache.hadoop.mapreduce.Job:  map 0% reduce 0%
2017-03-08 11:08:30,858 INFO org.apache.hadoop.mapred.LocalJobRunner: 
2017-03-08 11:08:30,859 INFO org.apache.hadoop.mapred.MapTask: Starting flush of map output
2017-03-08 11:08:30,859 INFO org.apache.hadoop.mapred.MapTask: Spilling map output
2017-03-08 11:08:30,859 INFO org.apache.hadoop.mapred.MapTask: bufstart = 0; bufend = 7298139; bufvoid = 104857600
2017-03-08 11:08:30,860 INFO org.apache.hadoop.mapred.MapTask: kvstart = 26214396(104857584); kvend = 24033184(96132736); length = 2181213/6553600
2017-03-08 11:08:32,341 INFO org.apache.hadoop.mapred.MapTask: Finished spill 0
2017-03-08 11:08:32,358 INFO org.apache.hadoop.mapred.Task: Task:attempt_local1253244120_0001_m_000000_0 is done. And is in the process of committing
2017-03-08 11:08:32,376 INFO org.apache.hadoop.mapred.LocalJobRunner: map
2017-03-08 11:08:32,377 INFO org.apache.hadoop.mapred.Task: Task 'attempt_local1253244120_0001_m_000000_0' done.
2017-03-08 11:08:32,378 INFO org.apache.hadoop.mapred.LocalJobRunner: Finishing task: attempt_local1253244120_0001_m_000000_0
2017-03-08 11:08:32,378 INFO org.apache.hadoop.mapred.LocalJobRunner: map task executor complete.
2017-03-08 11:08:32,390 INFO org.apache.hadoop.mapred.LocalJobRunner: Waiting for reduce tasks
2017-03-08 11:08:32,392 INFO org.apache.hadoop.mapred.LocalJobRunner: Starting task: attempt_local1253244120_0001_r_000000_0
2017-03-08 11:08:32,420 INFO org.apache.hadoop.mapreduce.lib.output.FileOutputCommitter: File Output Committer Algorithm version is 1
2017-03-08 11:08:32,421 INFO org.apache.hadoop.mapred.Task:  Using ResourceCalculatorProcessTree : [ ]
2017-03-08 11:08:32,432 INFO org.apache.hadoop.mapred.ReduceTask: Using ShuffleConsumerPlugin: org.apache.hadoop.mapreduce.task.reduce.Shuffle@55c0d3a3
2017-03-08 11:08:32,470 INFO org.apache.hadoop.mapreduce.task.reduce.MergeManagerImpl: MergerManager: memoryLimit=261121632, maxSingleShuffleLimit=65280408, mergeThreshold=172340288, ioSortFactor=10, memToMemMergeOutputsThreshold=10
2017-03-08 11:08:32,478 INFO org.apache.hadoop.mapreduce.task.reduce.EventFetcher: attempt_local1253244120_0001_r_000000_0 Thread started: EventFetcher for fetching Map Completion Events
2017-03-08 11:08:32,601 INFO org.apache.hadoop.mapreduce.task.reduce.LocalFetcher: localfetcher#1 about to shuffle output of map attempt_local1253244120_0001_m_000000_0 decomp: 8388749 len: 8388753 to MEMORY
2017-03-08 11:08:32,650 INFO org.apache.hadoop.mapreduce.Job:  map 100% reduce 0%
2017-03-08 11:08:32,751 INFO org.apache.hadoop.mapreduce.task.reduce.InMemoryMapOutput: Read 8388749 bytes from map-output for attempt_local1253244120_0001_m_000000_0
2017-03-08 11:08:32,759 INFO org.apache.hadoop.mapreduce.task.reduce.MergeManagerImpl: closeInMemoryFile -> map-output of size: 8388749, inMemoryMapOutputs.size() -> 1, commitMemory -> 0, usedMemory ->8388749
2017-03-08 11:08:32,786 INFO org.apache.hadoop.mapreduce.task.reduce.EventFetcher: EventFetcher is interrupted.. Returning
2017-03-08 11:08:32,788 INFO org.apache.hadoop.mapred.LocalJobRunner: 1 / 1 copied.
2017-03-08 11:08:32,789 INFO org.apache.hadoop.mapreduce.task.reduce.MergeManagerImpl: finalMerge called with 1 in-memory map-outputs and 0 on-disk map-outputs
2017-03-08 11:08:32,802 INFO org.apache.hadoop.mapred.Merger: Merging 1 sorted segments
2017-03-08 11:08:32,802 INFO org.apache.hadoop.mapred.Merger: Down to the last merge-pass, with 1 segments left of total size: 8388739 bytes
2017-03-08 11:08:33,602 INFO org.apache.hadoop.mapreduce.task.reduce.MergeManagerImpl: Merged 1 segments, 8388749 bytes to disk to satisfy reduce memory limit
2017-03-08 11:08:33,604 INFO org.apache.hadoop.mapreduce.task.reduce.MergeManagerImpl: Merging 1 files, 8388753 bytes from disk
2017-03-08 11:08:33,627 INFO org.apache.hadoop.mapreduce.task.reduce.MergeManagerImpl: Merging 0 segments, 0 bytes from memory into reduce
2017-03-08 11:08:33,627 INFO org.apache.hadoop.mapred.Merger: Merging 1 sorted segments
2017-03-08 11:08:33,627 INFO org.apache.hadoop.mapred.Merger: Down to the last merge-pass, with 1 segments left of total size: 8388739 bytes
2017-03-08 11:08:33,628 INFO org.apache.hadoop.mapred.LocalJobRunner: 1 / 1 copied.
2017-03-08 11:08:34,042 INFO org.apache.hadoop.conf.Configuration.deprecation: mapred.skip.on is deprecated. Instead, use mapreduce.job.skiprecords
2017-03-08 11:08:38,785 INFO org.apache.hadoop.mapred.LocalJobRunner: reduce > reduce
2017-03-08 11:08:39,444 INFO org.apache.hadoop.mapred.Task: Task:attempt_local1253244120_0001_r_000000_0 is done. And is in the process of committing
2017-03-08 11:08:39,448 INFO org.apache.hadoop.mapred.LocalJobRunner: reduce > reduce
2017-03-08 11:08:39,449 INFO org.apache.hadoop.mapred.Task: Task attempt_local1253244120_0001_r_000000_0 is allowed to commit now
2017-03-08 11:08:39,451 INFO org.apache.hadoop.mapreduce.lib.output.FileOutputCommitter: Saved output of task 'attempt_local1253244120_0001_r_000000_0' to file:/home/cloudera/workspace/Assignment2/Preprocessing/output/_temporary/0/task_local1253244120_0001_r_000000
2017-03-08 11:08:39,452 INFO org.apache.hadoop.mapred.LocalJobRunner: reduce > reduce
2017-03-08 11:08:39,452 INFO org.apache.hadoop.mapred.Task: Task 'attempt_local1253244120_0001_r_000000_0' done.
2017-03-08 11:08:39,452 INFO org.apache.hadoop.mapred.LocalJobRunner: Finishing task: attempt_local1253244120_0001_r_000000_0
2017-03-08 11:08:39,453 INFO org.apache.hadoop.mapred.LocalJobRunner: reduce task executor complete.
2017-03-08 11:08:39,671 INFO org.apache.hadoop.mapreduce.Job:  map 100% reduce 100%
2017-03-08 11:08:39,671 INFO org.apache.hadoop.mapreduce.Job: Job job_local1253244120_0001 completed successfully
2017-03-08 11:08:39,714 INFO org.apache.hadoop.mapreduce.Job: Counters: 34
	File System Counters
		FILE: Number of bytes read=27957668
		FILE: Number of bytes written=29513196
		FILE: Number of read operations=0
		FILE: Number of large read operations=0
		FILE: Number of write operations=0
	Map-Reduce Framework
		Map input records=124787
		Map output records=545304
		Map output bytes=7298139
		Map output materialized bytes=8388753
		Input split bytes=122
		Combine input records=0
		Combine output records=0
		Reduce input groups=124785
		Reduce shuffle bytes=8388753
		Reduce input records=545304
		Reduce output records=114462
		Spilled Records=1090608
		Shuffled Maps =1
		Failed Shuffles=0
		Merged Map outputs=1
		GC time elapsed (ms)=223
		CPU time spent (ms)=0
		Physical memory (bytes) snapshot=0
		Virtual memory (bytes) snapshot=0
		Total committed heap usage (bytes)=303570944
	BDPA.Preprocessing$COUNTER
		COUNT_LINES=114462
	Shuffle Errors
		BAD_ID=0
		CONNECTION=0
		IO_ERROR=0
		WRONG_LENGTH=0
		WRONG_MAP=0
		WRONG_REDUCE=0
	File Input Format Counters 
		Bytes Read=5589886
	File Output Format Counters 
		Bytes Written=3816279
