2017-03-05 08:33:23,298 WARN org.apache.hadoop.util.NativeCodeLoader: Unable to load native-hadoop library for your platform... using builtin-java classes where applicable
2017-03-05 08:33:30,191 INFO org.apache.hadoop.conf.Configuration.deprecation: session.id is deprecated. Instead, use dfs.metrics.session-id
2017-03-05 08:33:30,237 INFO org.apache.hadoop.metrics.jvm.JvmMetrics: Initializing JVM Metrics with processName=JobTracker, sessionId=
2017-03-05 08:33:38,593 WARN org.apache.hadoop.mapreduce.JobResourceUploader: No job jar file set.  User classes may not be found. See Job or Job#setJar(String).
2017-03-05 08:33:41,492 INFO org.apache.hadoop.mapreduce.lib.input.FileInputFormat: Total input paths to process : 1
2017-03-05 08:33:42,170 INFO org.apache.hadoop.mapreduce.JobSubmitter: number of splits:1
2017-03-05 08:33:44,805 INFO org.apache.hadoop.mapreduce.JobSubmitter: Submitting tokens for job: job_local308973089_0001
2017-03-05 08:33:46,861 INFO org.apache.hadoop.mapreduce.Job: The url to track the job: http://localhost:8080/
2017-03-05 08:33:46,863 INFO org.apache.hadoop.mapreduce.Job: Running job: job_local308973089_0001
2017-03-05 08:33:46,886 INFO org.apache.hadoop.mapred.LocalJobRunner: OutputCommitter set in config null
2017-03-05 08:33:46,933 INFO org.apache.hadoop.mapreduce.lib.output.FileOutputCommitter: File Output Committer Algorithm version is 1
2017-03-05 08:33:46,959 INFO org.apache.hadoop.mapred.LocalJobRunner: OutputCommitter is org.apache.hadoop.mapreduce.lib.output.FileOutputCommitter
2017-03-05 08:33:47,442 INFO org.apache.hadoop.mapred.LocalJobRunner: Waiting for map tasks
2017-03-05 08:33:47,446 INFO org.apache.hadoop.mapred.LocalJobRunner: Starting task: attempt_local308973089_0001_m_000000_0
2017-03-05 08:33:47,746 INFO org.apache.hadoop.mapreduce.lib.output.FileOutputCommitter: File Output Committer Algorithm version is 1
2017-03-05 08:33:47,893 INFO org.apache.hadoop.mapreduce.Job: Job job_local308973089_0001 running in uber mode : false
2017-03-05 08:33:47,968 INFO org.apache.hadoop.mapreduce.Job:  map 0% reduce 0%
2017-03-05 08:33:47,974 INFO org.apache.hadoop.mapred.Task:  Using ResourceCalculatorProcessTree : [ ]
2017-03-05 08:33:48,003 INFO org.apache.hadoop.mapred.MapTask: Processing split: file:/home/cloudera/workspace/Assignment2/input/pg100.txt:0+5589886
2017-03-05 08:33:49,171 INFO org.apache.hadoop.mapred.MapTask: (EQUATOR) 0 kvi 26214396(104857584)
2017-03-05 08:33:49,171 INFO org.apache.hadoop.mapred.MapTask: mapreduce.task.io.sort.mb: 100
2017-03-05 08:33:49,171 INFO org.apache.hadoop.mapred.MapTask: soft limit at 83886080
2017-03-05 08:33:49,171 INFO org.apache.hadoop.mapred.MapTask: bufstart = 0; bufvoid = 104857600
2017-03-05 08:33:49,171 INFO org.apache.hadoop.mapred.MapTask: kvstart = 26214396; length = 6553600
2017-03-05 08:33:49,226 INFO org.apache.hadoop.mapred.MapTask: Map output collector class = org.apache.hadoop.mapred.MapTask$MapOutputBuffer
2017-03-05 08:33:56,148 INFO org.apache.hadoop.mapred.LocalJobRunner: map > map
2017-03-05 08:33:57,073 INFO org.apache.hadoop.mapreduce.Job:  map 2% reduce 0%
2017-03-05 08:33:59,162 INFO org.apache.hadoop.mapred.LocalJobRunner: map > map
2017-03-05 08:34:00,075 INFO org.apache.hadoop.mapreduce.Job:  map 4% reduce 0%
2017-03-05 08:34:02,164 INFO org.apache.hadoop.mapred.LocalJobRunner: map > map
2017-03-05 08:34:03,082 INFO org.apache.hadoop.mapreduce.Job:  map 6% reduce 0%
2017-03-05 08:34:05,165 INFO org.apache.hadoop.mapred.LocalJobRunner: map > map
2017-03-05 08:34:06,083 INFO org.apache.hadoop.mapreduce.Job:  map 11% reduce 0%
2017-03-05 08:34:08,166 INFO org.apache.hadoop.mapred.LocalJobRunner: map > map
2017-03-05 08:34:09,086 INFO org.apache.hadoop.mapreduce.Job:  map 17% reduce 0%
2017-03-05 08:34:11,168 INFO org.apache.hadoop.mapred.LocalJobRunner: map > map
2017-03-05 08:34:12,088 INFO org.apache.hadoop.mapreduce.Job:  map 24% reduce 0%
2017-03-05 08:34:14,169 INFO org.apache.hadoop.mapred.LocalJobRunner: map > map
2017-03-05 08:34:15,091 INFO org.apache.hadoop.mapreduce.Job:  map 30% reduce 0%
2017-03-05 08:34:17,170 INFO org.apache.hadoop.mapred.LocalJobRunner: map > map
2017-03-05 08:34:18,094 INFO org.apache.hadoop.mapreduce.Job:  map 37% reduce 0%
2017-03-05 08:34:20,172 INFO org.apache.hadoop.mapred.LocalJobRunner: map > map
2017-03-05 08:34:21,097 INFO org.apache.hadoop.mapreduce.Job:  map 43% reduce 0%
2017-03-05 08:34:23,174 INFO org.apache.hadoop.mapred.LocalJobRunner: map > map
2017-03-05 08:34:24,100 INFO org.apache.hadoop.mapreduce.Job:  map 50% reduce 0%
2017-03-05 08:34:26,176 INFO org.apache.hadoop.mapred.LocalJobRunner: map > map
2017-03-05 08:34:27,104 INFO org.apache.hadoop.mapreduce.Job:  map 55% reduce 0%
2017-03-05 08:34:29,178 INFO org.apache.hadoop.mapred.LocalJobRunner: map > map
2017-03-05 08:34:30,108 INFO org.apache.hadoop.mapreduce.Job:  map 60% reduce 0%
2017-03-05 08:34:32,091 INFO org.apache.hadoop.mapred.LocalJobRunner: map > map
2017-03-05 08:34:32,094 INFO org.apache.hadoop.mapred.MapTask: Starting flush of map output
2017-03-05 08:34:32,094 INFO org.apache.hadoop.mapred.MapTask: Spilling map output
2017-03-05 08:34:32,095 INFO org.apache.hadoop.mapred.MapTask: bufstart = 0; bufend = 5116923; bufvoid = 104857600
2017-03-05 08:34:32,095 INFO org.apache.hadoop.mapred.MapTask: kvstart = 26214396(104857584); kvend = 24033184(96132736); length = 2181213/6553600
2017-03-05 08:34:32,180 INFO org.apache.hadoop.mapred.LocalJobRunner: map > sort
2017-03-05 08:34:33,109 INFO org.apache.hadoop.mapreduce.Job:  map 67% reduce 0%
2017-03-05 08:34:35,180 INFO org.apache.hadoop.mapred.LocalJobRunner: map > sort
2017-03-05 08:34:37,675 INFO org.apache.hadoop.mapred.MapTask: Finished spill 0
2017-03-05 08:34:37,703 INFO org.apache.hadoop.mapred.Task: Task:attempt_local308973089_0001_m_000000_0 is done. And is in the process of committing
2017-03-05 08:34:37,719 INFO org.apache.hadoop.mapred.LocalJobRunner: map
2017-03-05 08:34:37,723 INFO org.apache.hadoop.mapred.Task: Task 'attempt_local308973089_0001_m_000000_0' done.
2017-03-05 08:34:37,725 INFO org.apache.hadoop.mapred.LocalJobRunner: Finishing task: attempt_local308973089_0001_m_000000_0
2017-03-05 08:34:37,733 INFO org.apache.hadoop.mapred.LocalJobRunner: map task executor complete.
2017-03-05 08:34:37,757 INFO org.apache.hadoop.mapred.LocalJobRunner: Waiting for reduce tasks
2017-03-05 08:34:37,758 INFO org.apache.hadoop.mapred.LocalJobRunner: Starting task: attempt_local308973089_0001_r_000000_0
2017-03-05 08:34:37,824 INFO org.apache.hadoop.mapreduce.lib.output.FileOutputCommitter: File Output Committer Algorithm version is 1
2017-03-05 08:34:37,828 INFO org.apache.hadoop.mapred.Task:  Using ResourceCalculatorProcessTree : [ ]
2017-03-05 08:34:37,878 INFO org.apache.hadoop.mapred.ReduceTask: Using ShuffleConsumerPlugin: org.apache.hadoop.mapreduce.task.reduce.Shuffle@7f422265
2017-03-05 08:34:38,004 INFO org.apache.hadoop.mapreduce.task.reduce.MergeManagerImpl: MergerManager: memoryLimit=261121632, maxSingleShuffleLimit=65280408, mergeThreshold=172340288, ioSortFactor=10, memToMemMergeOutputsThreshold=10
2017-03-05 08:34:38,026 INFO org.apache.hadoop.mapreduce.task.reduce.EventFetcher: attempt_local308973089_0001_r_000000_0 Thread started: EventFetcher for fetching Map Completion Events
2017-03-05 08:34:38,114 INFO org.apache.hadoop.mapreduce.Job:  map 100% reduce 0%
2017-03-05 08:34:38,333 INFO org.apache.hadoop.mapreduce.task.reduce.LocalFetcher: localfetcher#1 about to shuffle output of map attempt_local308973089_0001_m_000000_0 decomp: 6207533 len: 6207537 to MEMORY
2017-03-05 08:34:38,487 INFO org.apache.hadoop.mapreduce.task.reduce.InMemoryMapOutput: Read 6207533 bytes from map-output for attempt_local308973089_0001_m_000000_0
2017-03-05 08:34:38,508 INFO org.apache.hadoop.mapreduce.task.reduce.MergeManagerImpl: closeInMemoryFile -> map-output of size: 6207533, inMemoryMapOutputs.size() -> 1, commitMemory -> 0, usedMemory ->6207533
2017-03-05 08:34:38,516 INFO org.apache.hadoop.mapreduce.task.reduce.EventFetcher: EventFetcher is interrupted.. Returning
2017-03-05 08:34:38,552 INFO org.apache.hadoop.mapred.LocalJobRunner: 1 / 1 copied.
2017-03-05 08:34:38,553 INFO org.apache.hadoop.mapreduce.task.reduce.MergeManagerImpl: finalMerge called with 1 in-memory map-outputs and 0 on-disk map-outputs
2017-03-05 08:34:38,627 INFO org.apache.hadoop.mapred.Merger: Merging 1 sorted segments
2017-03-05 08:34:38,628 INFO org.apache.hadoop.mapred.Merger: Down to the last merge-pass, with 1 segments left of total size: 6207530 bytes
2017-03-05 08:34:41,757 INFO org.apache.hadoop.mapreduce.task.reduce.MergeManagerImpl: Merged 1 segments, 6207533 bytes to disk to satisfy reduce memory limit
2017-03-05 08:34:41,760 INFO org.apache.hadoop.mapreduce.task.reduce.MergeManagerImpl: Merging 1 files, 6207537 bytes from disk
2017-03-05 08:34:41,780 INFO org.apache.hadoop.mapreduce.task.reduce.MergeManagerImpl: Merging 0 segments, 0 bytes from memory into reduce
2017-03-05 08:34:41,780 INFO org.apache.hadoop.mapred.Merger: Merging 1 sorted segments
2017-03-05 08:34:41,781 INFO org.apache.hadoop.mapred.Merger: Down to the last merge-pass, with 1 segments left of total size: 6207530 bytes
2017-03-05 08:34:41,781 INFO org.apache.hadoop.mapred.LocalJobRunner: 1 / 1 copied.
2017-03-05 08:34:41,838 INFO org.apache.hadoop.conf.Configuration.deprecation: mapred.skip.on is deprecated. Instead, use mapreduce.job.skiprecords
2017-03-05 08:34:43,849 INFO org.apache.hadoop.mapred.LocalJobRunner: reduce > reduce
2017-03-05 08:34:44,120 INFO org.apache.hadoop.mapreduce.Job:  map 100% reduce 74%
2017-03-05 08:34:45,647 INFO org.apache.hadoop.mapred.Task: Task:attempt_local308973089_0001_r_000000_0 is done. And is in the process of committing
2017-03-05 08:34:45,651 INFO org.apache.hadoop.mapred.LocalJobRunner: reduce > reduce
2017-03-05 08:34:45,654 INFO org.apache.hadoop.mapred.Task: Task attempt_local308973089_0001_r_000000_0 is allowed to commit now
2017-03-05 08:34:45,664 INFO org.apache.hadoop.mapreduce.lib.output.FileOutputCommitter: Saved output of task 'attempt_local308973089_0001_r_000000_0' to file:/home/cloudera/workspace/Assignment2/Wordcountpg100/output/_temporary/0/task_local308973089_0001_r_000000
2017-03-05 08:34:45,670 INFO org.apache.hadoop.mapred.LocalJobRunner: reduce > reduce
2017-03-05 08:34:45,674 INFO org.apache.hadoop.mapred.Task: Task 'attempt_local308973089_0001_r_000000_0' done.
2017-03-05 08:34:45,674 INFO org.apache.hadoop.mapred.LocalJobRunner: Finishing task: attempt_local308973089_0001_r_000000_0
2017-03-05 08:34:45,675 INFO org.apache.hadoop.mapred.LocalJobRunner: reduce task executor complete.
2017-03-05 08:34:46,122 INFO org.apache.hadoop.mapreduce.Job:  map 100% reduce 100%
2017-03-05 08:34:46,122 INFO org.apache.hadoop.mapreduce.Job: Job job_local308973089_0001 completed successfully
2017-03-05 08:34:46,239 INFO org.apache.hadoop.mapreduce.Job: Counters: 33
	File System Counters
		FILE: Number of bytes read=23595236
		FILE: Number of bytes written=19399210
		FILE: Number of read operations=0
		FILE: Number of large read operations=0
		FILE: Number of write operations=0
	Map-Reduce Framework
		Map input records=124787
		Map output records=545304
		Map output bytes=5116923
		Map output materialized bytes=6207537
		Input split bytes=122
		Combine input records=0
		Combine output records=0
		Reduce input groups=23851
		Reduce shuffle bytes=6207537
		Reduce input records=545304
		Reduce output records=23851
		Spilled Records=1090608
		Shuffled Maps =1
		Failed Shuffles=0
		Merged Map outputs=1
		GC time elapsed (ms)=1163
		CPU time spent (ms)=0
		Physical memory (bytes) snapshot=0
		Virtual memory (bytes) snapshot=0
		Total committed heap usage (bytes)=256385024
	Shuffle Errors
		BAD_ID=0
		CONNECTION=0
		IO_ERROR=0
		WRONG_LENGTH=0
		WRONG_MAP=0
		WRONG_REDUCE=0
	File Input Format Counters 
		Bytes Read=5589886
	File Output Format Counters 
		Bytes Written=248729
